<?xml version="1.0" encoding="UTF-8" standalone="yes"?>
<ns2:test-suite xmlns:ns2="urn:model.allure.qatools.yandex.ru" start="1387886635130" stop="1387886635135">
    <name>my.company.ManyInfoTest</name>
    <description type="text">Testsuite has testcases with many steps
    and
many lines in description</description>
    <test-cases>
        <test-case start="1387886635132" stop="1387886635133" status="broken" severity="blocker">
            <name>lotOfStepsTest</name>
            <description type="text">I have many steps 

    Parent Step 
    Last 
    MakeThisTestBroken</description>
            <failure>
                <message>FileNotFoundException: No file found.</message>
                <stack-trace>java.io.FileNotFoundException: No file found.
	at my.company.steps.CommonSteps.makeThisTestBroken(CommonSteps.java:29)
	at my.company.ManyInfoTest.lotOfStepsTest(ManyInfoTest.java:36)
	at sun.reflect.NativeMethodAccessorImpl.invoke0(Native Method)
	at sun.reflect.NativeMethodAccessorImpl.invoke(NativeMethodAccessorImpl.java:57)
	at sun.reflect.DelegatingMethodAccessorImpl.invoke(DelegatingMethodAccessorImpl.java:43)
	at java.lang.reflect.Method.invoke(Method.java:606)
	at org.junit.runners.model.FrameworkMethod$1.runReflectiveCall(FrameworkMethod.java:47)
	at org.junit.internal.runners.model.ReflectiveCallable.run(ReflectiveCallable.java:12)
	at org.junit.runners.model.FrameworkMethod.invokeExplosively(FrameworkMethod.java:44)
	at org.junit.internal.runners.statements.InvokeMethod.evaluate(InvokeMethod.java:17)
	at org.junit.rules.TestWatcher$1.evaluate(TestWatcher.java:55)
	at org.junit.rules.RunRules.evaluate(RunRules.java:20)
	at org.junit.runners.ParentRunner.runLeaf(ParentRunner.java:271)
	at org.junit.runners.BlockJUnit4ClassRunner.runChild(BlockJUnit4ClassRunner.java:70)
	at org.junit.runners.BlockJUnit4ClassRunner.runChild(BlockJUnit4ClassRunner.java:50)
	at org.junit.runners.ParentRunner$3.run(ParentRunner.java:238)
	at java.util.concurrent.Executors$RunnableAdapter.call(Executors.java:471)
	at java.util.concurrent.FutureTask.run(FutureTask.java:262)
	at java.util.concurrent.ThreadPoolExecutor.runWorker(ThreadPoolExecutor.java:1145)
	at java.util.concurrent.ThreadPoolExecutor$Worker.run(ThreadPoolExecutor.java:615)
	at java.lang.Thread.run(Thread.java:744)
</stack-trace>
            </failure>
            <steps>
                <step start="1387886635132" stop="1387886635133" status="passed">
                    <name>parentStep</name>
                    <title>Parent step</title>
                    <steps>
                        <step start="1387886635133" stop="1387886635133" status="passed">
                            <name>step</name>
                            <title>&quot;First nested&quot; step</title>
                        </step>
                        <step start="1387886635133" stop="1387886635133" status="passed">
                            <name>step</name>
                            <title>&quot;Second nested&quot; step</title>
                        </step>
                        <step start="1387886635133" stop="1387886635133" status="passed">
                            <name>step</name>
                            <title>&quot;Third nested&quot; step</title>
                        </step>
                    </steps>
                </step>
                <step start="1387886635133" stop="1387886635133" status="passed">
                    <name>step</name>
                    <title>&quot;Last&quot; step</title>
                </step>
                <step start="1387886635133" stop="1387886635133" status="broken">
                    <name>makeThisTestBroken</name>
                    <title>Make this test broken</title>
                </step>
            </steps>
            <attachments/>
            <labels/>
        </test-case>
        <test-case start="1387886635132" stop="1387886635135" status="failed" severity="critical">
            <name>attachmentsTest</name>
            <description type="text">Single-line description</description>
            <failure>
                <message>AssertionError: This test should be failed</message>
                <stack-trace>java.lang.AssertionError: This test should be failed
	at org.junit.Assert.fail(Assert.java:88)
	at org.junit.Assert.assertTrue(Assert.java:41)
	at my.company.steps.CommonSteps.makeThisTestFailed(CommonSteps.java:35)
	at my.company.ManyInfoTest.attachmentsTest(ManyInfoTest.java:27)
	at sun.reflect.NativeMethodAccessorImpl.invoke0(Native Method)
	at sun.reflect.NativeMethodAccessorImpl.invoke(NativeMethodAccessorImpl.java:57)
	at sun.reflect.DelegatingMethodAccessorImpl.invoke(DelegatingMethodAccessorImpl.java:43)
	at java.lang.reflect.Method.invoke(Method.java:606)
	at org.junit.runners.model.FrameworkMethod$1.runReflectiveCall(FrameworkMethod.java:47)
	at org.junit.internal.runners.model.ReflectiveCallable.run(ReflectiveCallable.java:12)
	at org.junit.runners.model.FrameworkMethod.invokeExplosively(FrameworkMethod.java:44)
	at org.junit.internal.runners.statements.InvokeMethod.evaluate(InvokeMethod.java:17)
	at org.junit.rules.TestWatcher$1.evaluate(TestWatcher.java:55)
	at org.junit.rules.RunRules.evaluate(RunRules.java:20)
	at org.junit.runners.ParentRunner.runLeaf(ParentRunner.java:271)
	at org.junit.runners.BlockJUnit4ClassRunner.runChild(BlockJUnit4ClassRunner.java:70)
	at org.junit.runners.BlockJUnit4ClassRunner.runChild(BlockJUnit4ClassRunner.java:50)
	at org.junit.runners.ParentRunner$3.run(ParentRunner.java:238)
	at java.util.concurrent.Executors$RunnableAdapter.call(Executors.java:471)
	at java.util.concurrent.FutureTask.run(FutureTask.java:262)
	at java.util.concurrent.ThreadPoolExecutor.runWorker(ThreadPoolExecutor.java:1145)
	at java.util.concurrent.ThreadPoolExecutor$Worker.run(ThreadPoolExecutor.java:615)
	at java.lang.Thread.run(Thread.java:744)
</stack-trace>
            </failure>
            <steps>
                <step start="1387886635134" stop="1387886635135" status="failed">
                    <name>makeThisTestFailed</name>
                    <title>Make this test failed</title>
                    <attachments>
                        <attachment title="TXT Attachment" source="5a23c766-aebb-408b-9dac-4a4c8eb6c88b-attachment.txt" type="txt"/>
                    </attachments>
                </step>
            </steps>
            <attachments>
                <attachment title="JSON Attachment" source="a6c79fff-176e-461c-a92b-180620bfcb76-attachment.json" type="json"/>
                <attachment title="XML Attachment" source="cb9bb1d0-e546-413c-8e02-a0ab604a2a12-attachment.xml" type="xml"/>
                <attachment title="JPG Attachment" source="0f0a35ea-ea33-4aa2-aa7e-d19517ccbb91-attachment.jpg" type="jpg"/>
            </attachments>
            <labels>
                <label name="story" value="OtherScreenshot"/>
                <label name="feature" value="Screenshot"/>
            </labels>
        </test-case>
    </test-cases>
    <labels/>
</ns2:test-suite>
