<?xml version="1.0" encoding="UTF-8" standalone="yes"?>
<ns2:test-suite xmlns:ns2="urn:model.allure.qatools.yandex.ru" start="1387360104645" stop="1387360104649">
    <name>my.company.ManyInfoTest</name>
    <title>My.company.Many info test</title>
    <description>Testsuite has testcases with many steps
    and
many lines in description</description>
    <test-cases>
        <test-case start="1387360104648" stop="1387360104648" status="broken" severity="blocker">
            <name>lotOfStepsTest</name>
            <title>Lot of steps test</title>
            <description>I have many steps 

    Parent Step 
    Last 
    MakeThisTestBroken</description>
            <failure>
                <message>NoSuchMethodError: ru.yandex.qatools.allure.aspects.AllureStepsAspects.aspectOf()Lru/yandex/qatools/allure/aspects/AllureStepsAspects;</message>
                <stack-trace>java.lang.NoSuchMethodError: ru.yandex.qatools.allure.aspects.AllureStepsAspects.aspectOf()Lru/yandex/qatools/allure/aspects/AllureStepsAspects;
	at my.company.steps.CommonSteps.parentStep(CommonSteps.java:47)
	at my.company.ManyInfoTest.lotOfStepsTest(ManyInfoTest.java:34)
	at sun.reflect.NativeMethodAccessorImpl.invoke0(Native Method)
	at sun.reflect.NativeMethodAccessorImpl.invoke(NativeMethodAccessorImpl.java:57)
	at sun.reflect.DelegatingMethodAccessorImpl.invoke(DelegatingMethodAccessorImpl.java:43)
	at java.lang.reflect.Method.invoke(Method.java:606)
	at org.junit.runners.model.FrameworkMethod$1.runReflectiveCall(FrameworkMethod.java:47)
	at org.junit.internal.runners.model.ReflectiveCallable.run(ReflectiveCallable.java:12)
	at org.junit.runners.model.FrameworkMethod.invokeExplosively(FrameworkMethod.java:44)
	at org.junit.internal.runners.statements.InvokeMethod.evaluate(InvokeMethod.java:17)
	at org.junit.rules.TestWatcher$1.evaluate(TestWatcher.java:55)
	at org.junit.rules.RunRules.evaluate(RunRules.java:20)
	at org.junit.runners.ParentRunner.runLeaf(ParentRunner.java:271)
	at org.junit.runners.BlockJUnit4ClassRunner.runChild(BlockJUnit4ClassRunner.java:70)
	at org.junit.runners.BlockJUnit4ClassRunner.runChild(BlockJUnit4ClassRunner.java:50)
	at org.junit.runners.ParentRunner$3.run(ParentRunner.java:238)
	at java.util.concurrent.Executors$RunnableAdapter.call(Executors.java:471)
	at java.util.concurrent.FutureTask.run(FutureTask.java:262)
	at java.util.concurrent.ThreadPoolExecutor.runWorker(ThreadPoolExecutor.java:1145)
	at java.util.concurrent.ThreadPoolExecutor$Worker.run(ThreadPoolExecutor.java:615)
	at java.lang.Thread.run(Thread.java:744)
</stack-trace>
            </failure>
            <steps/>
            <attachments/>
        </test-case>
        <test-case start="1387360104648" stop="1387360104649" status="broken" severity="critical">
            <name>attachmentsTest</name>
            <title>Attachments test</title>
            <description>Single-line description</description>
            <failure>
                <message>NoSuchMethodError: ru.yandex.qatools.allure.aspects.AllureAttachAspects.aspectOf()Lru/yandex/qatools/allure/aspects/AllureAttachAspects;</message>
                <stack-trace>java.lang.NoSuchMethodError: ru.yandex.qatools.allure.aspects.AllureAttachAspects.aspectOf()Lru/yandex/qatools/allure/aspects/AllureAttachAspects;
	at my.company.steps.CommonSteps.saveJsonFile(CommonSteps.java:66)
	at my.company.ManyInfoTest.attachmentsTest(ManyInfoTest.java:24)
	at sun.reflect.NativeMethodAccessorImpl.invoke0(Native Method)
	at sun.reflect.NativeMethodAccessorImpl.invoke(NativeMethodAccessorImpl.java:57)
	at sun.reflect.DelegatingMethodAccessorImpl.invoke(DelegatingMethodAccessorImpl.java:43)
	at java.lang.reflect.Method.invoke(Method.java:606)
	at org.junit.runners.model.FrameworkMethod$1.runReflectiveCall(FrameworkMethod.java:47)
	at org.junit.internal.runners.model.ReflectiveCallable.run(ReflectiveCallable.java:12)
	at org.junit.runners.model.FrameworkMethod.invokeExplosively(FrameworkMethod.java:44)
	at org.junit.internal.runners.statements.InvokeMethod.evaluate(InvokeMethod.java:17)
	at org.junit.rules.TestWatcher$1.evaluate(TestWatcher.java:55)
	at org.junit.rules.RunRules.evaluate(RunRules.java:20)
	at org.junit.runners.ParentRunner.runLeaf(ParentRunner.java:271)
	at org.junit.runners.BlockJUnit4ClassRunner.runChild(BlockJUnit4ClassRunner.java:70)
	at org.junit.runners.BlockJUnit4ClassRunner.runChild(BlockJUnit4ClassRunner.java:50)
	at org.junit.runners.ParentRunner$3.run(ParentRunner.java:238)
	at java.util.concurrent.Executors$RunnableAdapter.call(Executors.java:471)
	at java.util.concurrent.FutureTask.run(FutureTask.java:262)
	at java.util.concurrent.ThreadPoolExecutor.runWorker(ThreadPoolExecutor.java:1145)
	at java.util.concurrent.ThreadPoolExecutor$Worker.run(ThreadPoolExecutor.java:615)
	at java.lang.Thread.run(Thread.java:744)
</stack-trace>
            </failure>
            <steps/>
            <attachments/>
            <labels>
                <label name="story" value=""/>
                <label name="feature" value=""/>
            </labels>
        </test-case>
    </test-cases>
</ns2:test-suite>
