<?xml version="1.0" encoding="UTF-8" standalone="yes"?>
<ns2:test-suite xmlns:ns2="urn:model.allure.qatools.yandex.ru" start="1386842987841" stop="1386842987847">
    <title>Many info test</title>
    <description>Testsuite has testcases with many steps
    and
many lines in description</description>
    <classname>my.company.ManyInfoTest</classname>
    <test-cases>
        <test-case start="1386842987843" stop="1386842987845" status="broken" severity="blocker">
            <title>Lot of steps test</title>
            <description>I have many steps 

    Parent Step 
    Last 
    MakeThisTestBroken</description>
            <failure>
                <message>FileNotFoundException: No file found.</message>
                <stack-trace>java.io.FileNotFoundException: No file found.
	at my.company.steps.CommonSteps.makeThisTestBroken(CommonSteps.java:29)
	at my.company.ManyInfoTest.lotOfStepsTest(ManyInfoTest.java:36)
	at sun.reflect.NativeMethodAccessorImpl.invoke0(Native Method)
	at sun.reflect.NativeMethodAccessorImpl.invoke(NativeMethodAccessorImpl.java:57)
	at sun.reflect.DelegatingMethodAccessorImpl.invoke(DelegatingMethodAccessorImpl.java:43)
	at java.lang.reflect.Method.invoke(Method.java:606)
	at org.junit.runners.model.FrameworkMethod$1.runReflectiveCall(FrameworkMethod.java:47)
	at org.junit.internal.runners.model.ReflectiveCallable.run(ReflectiveCallable.java:12)
	at org.junit.runners.model.FrameworkMethod.invokeExplosively(FrameworkMethod.java:44)
	at org.junit.internal.runners.statements.InvokeMethod.evaluate(InvokeMethod.java:17)
	at org.junit.rules.TestWatcher$1.evaluate(TestWatcher.java:55)
	at org.junit.rules.RunRules.evaluate(RunRules.java:20)
	at org.junit.runners.ParentRunner.runLeaf(ParentRunner.java:271)
	at org.junit.runners.BlockJUnit4ClassRunner.runChild(BlockJUnit4ClassRunner.java:70)
	at org.junit.runners.BlockJUnit4ClassRunner.runChild(BlockJUnit4ClassRunner.java:50)
	at org.junit.runners.ParentRunner$3.run(ParentRunner.java:238)
	at java.util.concurrent.Executors$RunnableAdapter.call(Executors.java:471)
	at java.util.concurrent.FutureTask.run(FutureTask.java:262)
	at java.util.concurrent.ThreadPoolExecutor.runWorker(ThreadPoolExecutor.java:1145)
	at java.util.concurrent.ThreadPoolExecutor$Worker.run(ThreadPoolExecutor.java:615)
	at java.lang.Thread.run(Thread.java:744)
</stack-trace>
            </failure>
            <steps>
                <step start="1386842987843" stop="1386842987844" status="passed">
                    <title>Parent step</title>
                    <steps>
                        <step start="1386842987844" stop="1386842987844" status="passed">
                            <title>&quot;First nested&quot; step</title>
                        </step>
                        <step start="1386842987844" stop="1386842987844" status="passed">
                            <title>&quot;Second nested&quot; step</title>
                        </step>
                        <step start="1386842987844" stop="1386842987844" status="passed">
                            <title>&quot;Third nested&quot; step</title>
                        </step>
                    </steps>
                </step>
                <step start="1386842987844" stop="1386842987844" status="passed">
                    <title>&quot;Last&quot; step</title>
                </step>
                <step start="1386842987844" stop="1386842987844" status="broken">
                    <title>Make this test broken</title>
                </step>
            </steps>
            <attachments/>
        </test-case>
        <test-case start="1386842987843" stop="1386842987847" status="failed" severity="critical">
            <title>Attachments test</title>
            <description>Single-line description</description>
            <failure>
                <message>AssertionError: This test should be failed</message>
                <stack-trace>java.lang.AssertionError: This test should be failed
	at org.junit.Assert.fail(Assert.java:88)
	at org.junit.Assert.assertTrue(Assert.java:41)
	at my.company.steps.CommonSteps.makeThisTestFailed(CommonSteps.java:35)
	at my.company.ManyInfoTest.attachmentsTest(ManyInfoTest.java:27)
	at sun.reflect.NativeMethodAccessorImpl.invoke0(Native Method)
	at sun.reflect.NativeMethodAccessorImpl.invoke(NativeMethodAccessorImpl.java:57)
	at sun.reflect.DelegatingMethodAccessorImpl.invoke(DelegatingMethodAccessorImpl.java:43)
	at java.lang.reflect.Method.invoke(Method.java:606)
	at org.junit.runners.model.FrameworkMethod$1.runReflectiveCall(FrameworkMethod.java:47)
	at org.junit.internal.runners.model.ReflectiveCallable.run(ReflectiveCallable.java:12)
	at org.junit.runners.model.FrameworkMethod.invokeExplosively(FrameworkMethod.java:44)
	at org.junit.internal.runners.statements.InvokeMethod.evaluate(InvokeMethod.java:17)
	at org.junit.rules.TestWatcher$1.evaluate(TestWatcher.java:55)
	at org.junit.rules.RunRules.evaluate(RunRules.java:20)
	at org.junit.runners.ParentRunner.runLeaf(ParentRunner.java:271)
	at org.junit.runners.BlockJUnit4ClassRunner.runChild(BlockJUnit4ClassRunner.java:70)
	at org.junit.runners.BlockJUnit4ClassRunner.runChild(BlockJUnit4ClassRunner.java:50)
	at org.junit.runners.ParentRunner$3.run(ParentRunner.java:238)
	at java.util.concurrent.Executors$RunnableAdapter.call(Executors.java:471)
	at java.util.concurrent.FutureTask.run(FutureTask.java:262)
	at java.util.concurrent.ThreadPoolExecutor.runWorker(ThreadPoolExecutor.java:1145)
	at java.util.concurrent.ThreadPoolExecutor$Worker.run(ThreadPoolExecutor.java:615)
	at java.lang.Thread.run(Thread.java:744)
</stack-trace>
            </failure>
            <steps>
                <step start="1386842987846" stop="1386842987847" status="failed">
                    <title>Make this test failed</title>
                    <attachments>
                        <attachment title="TXT Attachment" source="51a26080-2202-4c58-85fe-315f27d001a1-attachment.txt" type="txt"/>
                    </attachments>
                </step>
            </steps>
            <attachments>
                <attachment title="JSON Attachment" source="c5f478ef-7608-4cbc-86c1-08c4644ee917-attachment.json" type="json"/>
                <attachment title="XML Attachment" source="4fe88f83-fba7-482b-a6c2-e39c269f5e5e-attachment.xml" type="xml"/>
                <attachment title="JPG Attachment" source="547fb493-8ca8-4faa-af9b-999f442d4468-attachment.jpg" type="jpg"/>
            </attachments>
            <labels>
                <label name="Story" value="OtherScreenshot"/>
                <label name="Feature" value="Screenshot"/>
            </labels>
        </test-case>
    </test-cases>
</ns2:test-suite>
