{"time":{"start":1386060870522,"stop":1386060870559,"duration":37},"status":"FAILED","description":"Single-line description","severity":"CRITICAL","summary":{"steps":1,"attachments":4},"failure":{"message":"This test should be failed","stackTrace":"java.lang.AssertionError: This test should be failed\n\tat org.junit.Assert.fail(Assert.java:88)\n\tat org.junit.Assert.assertTrue(Assert.java:41)\n\tat my.company.steps.CommonSteps.makeThisTestFailed(CommonSteps.java:35)\n\tat my.company.TestWithSteps.attachmentsTest(TestWithSteps.java:25)\n\tat sun.reflect.NativeMethodAccessorImpl.invoke0(Native Method)\n\tat sun.reflect.NativeMethodAccessorImpl.invoke(NativeMethodAccessorImpl.java:57)\n\tat sun.reflect.DelegatingMethodAccessorImpl.invoke(DelegatingMethodAccessorImpl.java:43)\n\tat java.lang.reflect.Method.invoke(Method.java:606)\n\tat org.junit.runners.model.FrameworkMethod$1.runReflectiveCall(FrameworkMethod.java:47)\n\tat org.junit.internal.runners.model.ReflectiveCallable.run(ReflectiveCallable.java:12)\n\tat org.junit.runners.model.FrameworkMethod.invokeExplosively(FrameworkMethod.java:44)\n\tat org.junit.internal.runners.statements.InvokeMethod.evaluate(InvokeMethod.java:17)\n\tat org.junit.rules.TestWatcher$1.evaluate(TestWatcher.java:55)\n\tat org.junit.rules.RunRules.evaluate(RunRules.java:20)\n\tat org.junit.runners.ParentRunner.runLeaf(ParentRunner.java:271)\n\tat org.junit.runners.BlockJUnit4ClassRunner.runChild(BlockJUnit4ClassRunner.java:70)\n\tat org.junit.runners.BlockJUnit4ClassRunner.runChild(BlockJUnit4ClassRunner.java:50)\n\tat org.junit.runners.ParentRunner$3.run(ParentRunner.java:238)\n\tat java.util.concurrent.Executors$RunnableAdapter.call(Executors.java:471)\n\tat java.util.concurrent.FutureTask.run(FutureTask.java:262)\n\tat java.util.concurrent.ThreadPoolExecutor.runWorker(ThreadPoolExecutor.java:1145)\n\tat java.util.concurrent.ThreadPoolExecutor$Worker.run(ThreadPoolExecutor.java:615)\n\tat java.lang.Thread.run(Thread.java:744)\n"},"tags":[],"steps":[{"time":{"start":1386060870558,"stop":1386060870559,"duration":1},"status":"FAILED","summary":{"steps":0,"attachments":1},"steps":[],"attachments":[{"source":"e15a3e6c-0bc4-46d6-a5ff-d45a90d344ff-attachment.txt","type":"TXT","title":"TXT Attachment"}],"title":"Make this test failed"}],"attachments":[{"source":"6495bcbb-d618-47a0-b9e2-22a86276c94d-attachment.json","type":"JSON","title":"JSON Attachment"},{"source":"6cd13696-1c37-4850-b961-48d11a8bd478-attachment.xml","type":"XML","title":"XML Attachment"},{"source":"78c34d00-fc25-4e78-b704-685999d6143d-attachment.jpg","type":"JPG","title":"JPG Attachment"}],"title":"attachments Test","uid":"e0aefda9-8eba-4459-853b-e0c03cdb5e56"}